<?xml version="1.0" encoding="UTF-8" ?>
<testsuite errors="0" failures="0" hostname="HORNOTE-10GT-2" name="devmate.Tests" skipped="0" tests="2" time="16.1" timestamp="2014-12-01T07:18:27">
  <properties>
[...]
</properties>
  <testcase classname="devmate.Tests" name="SecondScenario" time="8.949" />
  <testcase classname="devmate.Tests" name="FirstScenario" time="6.985" />
  <system-out><![CDATA[Проверка Отображения элемента: 
Проверка нахождения на странице: Simplify App Development | DevMate
]]></system-out>
  <system-err><![CDATA[Starting ChromeDriver (v2.10.267521) on port 26088
Only local connections are allowed.
Starting ChromeDriver (v2.10.267521) on port 2251
Only local connections are allowed.
]]></system-err>
</testsuite>
