<?xml version="1.0" encoding="UTF-8" ?>
<testsuites>
  <testsuite errors="3" failures="0" hostname="User-PC" id="0" name="SomeTests" package="Tests" skipped="0" tests="9" time="299.131" timestamp="2015-01-20T14:45:57">
      <properties>
[...]
</properties>

      <testcase classname="Tests.SomeTests" name="playbookPageClicksFine" time="30.448" />

      <testcase classname="Tests.SomeTests" name="dashboardPageClicksFine" time="38.74">
          <error message="Unable to locate element: {&quot;method&quot;:&quot;id&quot;,&quot;selector&quot;:&quot;.//*[@id=&apos;6&apos;]&quot;}&#xa;Command duration or timeout: 20.12 seconds&#xa;For documentation on this error, please visit: http://seleniumhq.org/exceptions/no_such_element.html&#xa;Build info: version: &apos;2.44.0&apos;, revision: &apos;76d78cf&apos;, time: &apos;2014-10-23 20:03:00&apos;&#xa;System info: host: &apos;User-PC&apos;, ip: &apos;192.168.1.4&apos;, os.name: &apos;Windows 7&apos;, os.arch: &apos;amd64&apos;, os.version: &apos;6.1&apos;, java.version: &apos;1.8.0_25&apos;&#xa;Driver info: org.openqa.selenium.firefox.FirefoxDriver&#xa;Capabilities [{applicationCacheEnabled=true, rotatable=false, handlesAlerts=true, databaseEnabled=true, version=34.0.5, platform=WINDOWS, nativeEvents=false, acceptSslCerts=true, webStorageEnabled=true, locationContextEnabled=true, browserName=firefox, takesScreenshot=true, javascriptEnabled=true, cssSelectorsEnabled=true}]&#xa;Session ID: 407638f7-c095-47c5-a3f6-1e163b3382b6" type="org.openqa.selenium.NoSuchElementException">org.openqa.selenium.NoSuchElementException: Unable to locate element: {&quot;method&quot;:&quot;id&quot;,&quot;selector&quot;:&quot;.//*[@id=&apos;6&apos;]&quot;}
Command duration or timeout: 20.12 seconds
For documentation on this error, please visit: http://seleniumhq.org/exceptions/no_such_element.html
Build info: version: &apos;2.44.0&apos;, revision: &apos;76d78cf&apos;, time: &apos;2014-10-23 20:03:00&apos;
System info: host: &apos;User-PC&apos;, ip: &apos;192.168.1.4&apos;, os.name: &apos;Windows 7&apos;, os.arch: &apos;amd64&apos;, os.version: &apos;6.1&apos;, java.version: &apos;1.8.0_25&apos;
Driver info: org.openqa.selenium.firefox.FirefoxDriver
Capabilities [{applicationCacheEnabled=true, rotatable=false, handlesAlerts=true, databaseEnabled=true, version=34.0.5, platform=WINDOWS, nativeEvents=false, acceptSslCerts=true, webStorageEnabled=true, locationContextEnabled=true, browserName=firefox, takesScreenshot=true, javascriptEnabled=true, cssSelectorsEnabled=true}]
Session ID: 407638f7-c095-47c5-a3f6-1e163b3382b6
	at java.lang.reflect.Constructor.newInstance(Unknown Source)
	at org.openqa.selenium.remote.ErrorHandler.createThrowable(ErrorHandler.java:204)
	at org.openqa.selenium.remote.ErrorHandler.throwIfResponseFailed(ErrorHandler.java:156)
	at org.openqa.selenium.remote.RemoteWebDriver.execute(RemoteWebDriver.java:599)
	at org.openqa.selenium.remote.RemoteWebDriver.findElement(RemoteWebDriver.java:352)
	at org.openqa.selenium.remote.RemoteWebDriver.findElementById(RemoteWebDriver.java:393)
	at org.openqa.selenium.By$ById.findElement(By.java:214)
	at org.openqa.selenium.remote.RemoteWebDriver.findElement(RemoteWebDriver.java:344)
	at Tests.SomeTests.dashboardPageClicksFine(SomeTests.java:30)
Caused by: org.openqa.selenium.NoSuchElementException: Unable to locate element: {&quot;method&quot;:&quot;id&quot;,&quot;selector&quot;:&quot;.//*[@id=&apos;6&apos;]&quot;}
For documentation on this error, please visit: http://seleniumhq.org/exceptions/no_such_element.html
Build info: version: &apos;2.44.0&apos;, revision: &apos;76d78cf&apos;, time: &apos;2014-10-23 20:03:00&apos;
System info: host: &apos;User-PC&apos;, ip: &apos;192.168.1.4&apos;, os.name: &apos;Windows 7&apos;, os.arch: &apos;amd64&apos;, os.version: &apos;6.1&apos;, java.version: &apos;1.8.0_25&apos;
Driver info: driver.version: unknown
	at &lt;anonymous class&gt;.FirefoxDriver.prototype.findElementInternal_(file:///C:/Users/User/AppData/Local/Temp/anonymous8425545310601291414webdriver-profile/extensions/fxdriver@googlecode.com/components/driver-component.js:9641:26)
	at &lt;anonymous class&gt;.fxdriver.Timer.prototype.setTimeout/&lt;.notify(file:///C:/Users/User/AppData/Local/Temp/anonymous8425545310601291414webdriver-profile/extensions/fxdriver@googlecode.com/components/driver-component.js:548:5)
</error>

      </testcase>

      <testcase classname="Tests.SomeTests" name="modelsPageWizardStep4DeletingAddedSensorFromSelectedSensorDefinitionsTable" time="43.809">
          <error message="Element not found in the cache - perhaps the page has changed since it was looked up&#xa;Command duration or timeout: 20.04 seconds&#xa;For documentation on this error, please visit: http://seleniumhq.org/exceptions/stale_element_reference.html&#xa;Build info: version: &apos;2.44.0&apos;, revision: &apos;76d78cf&apos;, time: &apos;2014-10-23 20:03:00&apos;&#xa;System info: host: &apos;User-PC&apos;, ip: &apos;192.168.1.4&apos;, os.name: &apos;Windows 7&apos;, os.arch: &apos;amd64&apos;, os.version: &apos;6.1&apos;, java.version: &apos;1.8.0_25&apos;&#xa;Driver info: org.openqa.selenium.firefox.FirefoxDriver&#xa;Capabilities [{applicationCacheEnabled=true, rotatable=false, handlesAlerts=true, databaseEnabled=true, version=34.0.5, platform=WINDOWS, nativeEvents=false, acceptSslCerts=true, webStorageEnabled=true, locationContextEnabled=true, browserName=firefox, takesScreenshot=true, javascriptEnabled=true, cssSelectorsEnabled=true}]&#xa;Session ID: b7eb3e42-ed43-4ae5-9677-c69934a1386a" type="org.openqa.selenium.StaleElementReferenceException">org.openqa.selenium.StaleElementReferenceException: Element not found in the cache - perhaps the page has changed since it was looked up
Command duration or timeout: 20.04 seconds
For documentation on this error, please visit: http://seleniumhq.org/exceptions/stale_element_reference.html
Build info: version: &apos;2.44.0&apos;, revision: &apos;76d78cf&apos;, time: &apos;2014-10-23 20:03:00&apos;
System info: host: &apos;User-PC&apos;, ip: &apos;192.168.1.4&apos;, os.name: &apos;Windows 7&apos;, os.arch: &apos;amd64&apos;, os.version: &apos;6.1&apos;, java.version: &apos;1.8.0_25&apos;
Driver info: org.openqa.selenium.firefox.FirefoxDriver
Capabilities [{applicationCacheEnabled=true, rotatable=false, handlesAlerts=true, databaseEnabled=true, version=34.0.5, platform=WINDOWS, nativeEvents=false, acceptSslCerts=true, webStorageEnabled=true, locationContextEnabled=true, browserName=firefox, takesScreenshot=true, javascriptEnabled=true, cssSelectorsEnabled=true}]
Session ID: b7eb3e42-ed43-4ae5-9677-c69934a1386a
	at java.lang.reflect.Constructor.newInstance(Unknown Source)
	at org.openqa.selenium.remote.ErrorHandler.createThrowable(ErrorHandler.java:204)
	at org.openqa.selenium.remote.ErrorHandler.throwIfResponseFailed(ErrorHandler.java:156)
	at org.openqa.selenium.remote.RemoteWebDriver.execute(RemoteWebDriver.java:599)
	at org.openqa.selenium.remote.RemoteWebElement.execute(RemoteWebElement.java:268)
	at org.openqa.selenium.remote.RemoteWebElement.click(RemoteWebElement.java:79)
	at Tests.SomeTests.modelsPageWizardStep4DeletingAddedSensorFromSelectedSensorDefinitionsTable(SomeTests.java:135)
Caused by: org.openqa.selenium.StaleElementReferenceException: Element not found in the cache - perhaps the page has changed since it was looked up
For documentation on this error, please visit: http://seleniumhq.org/exceptions/stale_element_reference.html
Build info: version: &apos;2.44.0&apos;, revision: &apos;76d78cf&apos;, time: &apos;2014-10-23 20:03:00&apos;
System info: host: &apos;User-PC&apos;, ip: &apos;192.168.1.4&apos;, os.name: &apos;Windows 7&apos;, os.arch: &apos;amd64&apos;, os.version: &apos;6.1&apos;, java.version: &apos;1.8.0_25&apos;
Driver info: driver.version: unknown
	at &lt;anonymous class&gt;.fxdriver.cache.getElementAt(resource://fxdriver/modules/web-element-cache.js:8329:1)
	at &lt;anonymous class&gt;.Utils.getElementAt(file:///C:/Users/User/AppData/Local/Temp/anonymous8780265178204850736webdriver-profile/extensions/fxdriver@googlecode.com/components/command-processor.js:7922:10)
	at &lt;anonymous class&gt;.fxdriver.preconditions.visible(file:///C:/Users/User/AppData/Local/Temp/anonymous8780265178204850736webdriver-profile/extensions/fxdriver@googlecode.com/components/command-processor.js:8957:11)
	at &lt;anonymous class&gt;.DelayedCommand.prototype.checkPreconditions_(file:///C:/Users/User/AppData/Local/Temp/anonymous8780265178204850736webdriver-profile/extensions/fxdriver@googlecode.com/components/command-processor.js:11618:15)
	at &lt;anonymous class&gt;.DelayedCommand.prototype.executeInternal_/h(file:///C:/Users/User/AppData/Local/Temp/anonymous8780265178204850736webdriver-profile/extensions/fxdriver@googlecode.com/components/command-processor.js:11635:11)
	at &lt;anonymous class&gt;.fxdriver.Timer.prototype.setTimeout/&lt;.notify(file:///C:/Users/User/AppData/Local/Temp/anonymous8780265178204850736webdriver-profile/extensions/fxdriver@googlecode.com/components/command-processor.js:548:5)
</error>

      </testcase>

      <testcase classname="Tests.SomeTests" name="assetsPageClicksFine" time="27.727" />

      <testcase classname="Tests.SomeTests" name="modelsPageClicksFine" time="28.555" />

      <testcase classname="Tests.SomeTests" name="eventsPageClicksFine" time="26.415" />

      <testcase classname="Tests.SomeTests" name="adminPageClicksFine" time="31.671" />

      <testcase classname="Tests.SomeTests" name="loginSuccess" time="23.74" />

      <testcase classname="Tests.SomeTests" name="modelsWizardStep4" time="47.776">
          <error message="Element is not currently visible and so may not be interacted with&#xa;Command duration or timeout: 15.07 seconds&#xa;Build info: version: &apos;2.44.0&apos;, revision: &apos;76d78cf&apos;, time: &apos;2014-10-23 20:03:00&apos;&#xa;System info: host: &apos;User-PC&apos;, ip: &apos;192.168.1.4&apos;, os.name: &apos;Windows 7&apos;, os.arch: &apos;amd64&apos;, os.version: &apos;6.1&apos;, java.version: &apos;1.8.0_25&apos;&#xa;Driver info: org.openqa.selenium.firefox.FirefoxDriver&#xa;Capabilities [{applicationCacheEnabled=true, rotatable=false, handlesAlerts=true, databaseEnabled=true, version=34.0.5, platform=WINDOWS, nativeEvents=false, acceptSslCerts=true, webStorageEnabled=true, locationContextEnabled=true, browserName=firefox, takesScreenshot=true, javascriptEnabled=true, cssSelectorsEnabled=true}]&#xa;Session ID: 5b821fee-e6e0-4d49-a4eb-1e86bff7e5e6" type="org.openqa.selenium.ElementNotVisibleException">org.openqa.selenium.ElementNotVisibleException: Element is not currently visible and so may not be interacted with
Command duration or timeout: 15.07 seconds
Build info: version: &apos;2.44.0&apos;, revision: &apos;76d78cf&apos;, time: &apos;2014-10-23 20:03:00&apos;
System info: host: &apos;User-PC&apos;, ip: &apos;192.168.1.4&apos;, os.name: &apos;Windows 7&apos;, os.arch: &apos;amd64&apos;, os.version: &apos;6.1&apos;, java.version: &apos;1.8.0_25&apos;
Driver info: org.openqa.selenium.firefox.FirefoxDriver
Capabilities [{applicationCacheEnabled=true, rotatable=false, handlesAlerts=true, databaseEnabled=true, version=34.0.5, platform=WINDOWS, nativeEvents=false, acceptSslCerts=true, webStorageEnabled=true, locationContextEnabled=true, browserName=firefox, takesScreenshot=true, javascriptEnabled=true, cssSelectorsEnabled=true}]
Session ID: 5b821fee-e6e0-4d49-a4eb-1e86bff7e5e6
	at java.lang.reflect.Constructor.newInstance(Unknown Source)
	at org.openqa.selenium.remote.ErrorHandler.createThrowable(ErrorHandler.java:204)
	at org.openqa.selenium.remote.ErrorHandler.throwIfResponseFailed(ErrorHandler.java:156)
	at org.openqa.selenium.remote.RemoteWebDriver.execute(RemoteWebDriver.java:599)
	at org.openqa.selenium.remote.RemoteWebElement.execute(RemoteWebElement.java:268)
	at org.openqa.selenium.remote.RemoteWebElement.click(RemoteWebElement.java:79)
	at Tests.SomeTests.modelsWizardStep4(SomeTests.java:70)
Caused by: org.openqa.selenium.ElementNotVisibleException: Element is not currently visible and so may not be interacted with
Build info: version: &apos;2.44.0&apos;, revision: &apos;76d78cf&apos;, time: &apos;2014-10-23 20:03:00&apos;
System info: host: &apos;User-PC&apos;, ip: &apos;192.168.1.4&apos;, os.name: &apos;Windows 7&apos;, os.arch: &apos;amd64&apos;, os.version: &apos;6.1&apos;, java.version: &apos;1.8.0_25&apos;
Driver info: driver.version: unknown
	at &lt;anonymous class&gt;.fxdriver.preconditions.visible(file:///C:/Users/User/AppData/Local/Temp/anonymous540647925561319799webdriver-profile/extensions/fxdriver@googlecode.com/components/command-processor.js:8959:12)
	at &lt;anonymous class&gt;.DelayedCommand.prototype.checkPreconditions_(file:///C:/Users/User/AppData/Local/Temp/anonymous540647925561319799webdriver-profile/extensions/fxdriver@googlecode.com/components/command-processor.js:11618:15)
	at &lt;anonymous class&gt;.DelayedCommand.prototype.executeInternal_/h(file:///C:/Users/User/AppData/Local/Temp/anonymous540647925561319799webdriver-profile/extensions/fxdriver@googlecode.com/components/command-processor.js:11635:11)
	at &lt;anonymous class&gt;.fxdriver.Timer.prototype.setTimeout/&lt;.notify(file:///C:/Users/User/AppData/Local/Temp/anonymous540647925561319799webdriver-profile/extensions/fxdriver@googlecode.com/components/command-processor.js:548:5)
</error>

      </testcase>

      <system-out><![CDATA[Models Page Clicks Fine
Dashboard Operational Tab Works Fine
Dashboard Financial Tab Works Fine
Assets Page Clicks Fine
Models Page Clicks Fine
Models Page Clicks Fine
Models Export List Button Works Fine
Models Page Clicks Fine
Events Page Clicks Fine
Models Page Clicks Fine
Admin Page Clicks Fine
Models Page Clicks Fine
Models Page Clicks Fine
]]></system-out>

      <system-err><![CDATA[]]></system-err>

  </testsuite>
  <testsuite errors="0" failures="0" hostname="HORNOTE-10GT-2" id="1" name="Tests" package="devmate" skipped="0" tests="2" time="16.1" timestamp="2014-12-01T07:18:27">
      <properties>
[...]
</properties>

      <testcase classname="devmate.Tests" name="SecondScenario" time="8.949" />

      <testcase classname="devmate.Tests" name="FirstScenario" time="6.985" />

      <system-out><![CDATA[Проверка Отображения элемента: 
Проверка нахождения на странице: Simplify App Development | DevMate
]]></system-out>

      <system-err><![CDATA[Starting ChromeDriver (v2.10.267521) on port 26088
Only local connections are allowed.
Starting ChromeDriver (v2.10.267521) on port 2251
Only local connections are allowed.
]]></system-err>

  </testsuite>
</testsuites>
