<?xml version="1.0" encoding="UTF-8" ?>
<testsuite errors="1" failures="0" hostname="User-PC" name="Tests.AllTests" skipped="0" tests="1" time="91.61" timestamp="2015-01-04T13:52:45">
  <properties>
[...]
</properties>
  <testcase classname="Tests.AllTests" name="SomeTests" time="91.424">
    <error message="Element is not currently visible and so may not be interacted with&#xa;Command duration or timeout: 30.05 seconds&#xa;Build info: version: &apos;2.44.0&apos;, revision: &apos;76d78cf&apos;, time: &apos;2014-10-23 20:03:00&apos;&#xa;System info: host: &apos;User-PC&apos;, ip: &apos;192.168.41.1&apos;, os.name: &apos;Windows 7&apos;, os.arch: &apos;amd64&apos;, os.version: &apos;6.1&apos;, java.version: &apos;1.8.0_25&apos;&#xa;Driver info: org.openqa.selenium.firefox.FirefoxDriver&#xa;Capabilities [{applicationCacheEnabled=true, rotatable=false, handlesAlerts=true, databaseEnabled=true, version=34.0.5, platform=WINDOWS, nativeEvents=false, acceptSslCerts=true, webStorageEnabled=true, locationContextEnabled=true, browserName=firefox, takesScreenshot=true, javascriptEnabled=true, cssSelectorsEnabled=true}]&#xa;Session ID: d80e80c2-68f2-456a-a17e-106df0862774" type="org.openqa.selenium.ElementNotVisibleException">org.openqa.selenium.ElementNotVisibleException: Element is not currently visible and so may not be interacted with
Command duration or timeout: 30.05 seconds
Build info: version: &apos;2.44.0&apos;, revision: &apos;76d78cf&apos;, time: &apos;2014-10-23 20:03:00&apos;
System info: host: &apos;User-PC&apos;, ip: &apos;192.168.41.1&apos;, os.name: &apos;Windows 7&apos;, os.arch: &apos;amd64&apos;, os.version: &apos;6.1&apos;, java.version: &apos;1.8.0_25&apos;
Driver info: org.openqa.selenium.firefox.FirefoxDriver
Capabilities [{applicationCacheEnabled=true, rotatable=false, handlesAlerts=true, databaseEnabled=true, version=34.0.5, platform=WINDOWS, nativeEvents=false, acceptSslCerts=true, webStorageEnabled=true, locationContextEnabled=true, browserName=firefox, takesScreenshot=true, javascriptEnabled=true, cssSelectorsEnabled=true}]
Session ID: d80e80c2-68f2-456a-a17e-106df0862774
	at java.lang.reflect.Constructor.newInstance(Unknown Source)
	at org.openqa.selenium.remote.ErrorHandler.createThrowable(ErrorHandler.java:204)
	at org.openqa.selenium.remote.ErrorHandler.throwIfResponseFailed(ErrorHandler.java:156)
	at org.openqa.selenium.remote.RemoteWebDriver.execute(RemoteWebDriver.java:599)
	at org.openqa.selenium.remote.RemoteWebElement.execute(RemoteWebElement.java:268)
	at org.openqa.selenium.remote.RemoteWebElement.click(RemoteWebElement.java:79)
	at Tests.AllTests.SomeTests(AllTests.java:44)
Caused by: org.openqa.selenium.ElementNotVisibleException: Element is not currently visible and so may not be interacted with
Build info: version: &apos;2.44.0&apos;, revision: &apos;76d78cf&apos;, time: &apos;2014-10-23 20:03:00&apos;
System info: host: &apos;User-PC&apos;, ip: &apos;192.168.41.1&apos;, os.name: &apos;Windows 7&apos;, os.arch: &apos;amd64&apos;, os.version: &apos;6.1&apos;, java.version: &apos;1.8.0_25&apos;
Driver info: driver.version: unknown
	at &lt;anonymous class&gt;.fxdriver.preconditions.visible(file:///C:/Users/User/AppData/Local/Temp/anonymous3848834370961755770webdriver-profile/extensions/fxdriver@googlecode.com/components/command-processor.js:8959:12)
	at &lt;anonymous class&gt;.DelayedCommand.prototype.checkPreconditions_(file:///C:/Users/User/AppData/Local/Temp/anonymous3848834370961755770webdriver-profile/extensions/fxdriver@googlecode.com/components/command-processor.js:11618:15)
	at &lt;anonymous class&gt;.DelayedCommand.prototype.executeInternal_/h(file:///C:/Users/User/AppData/Local/Temp/anonymous3848834370961755770webdriver-profile/extensions/fxdriver@googlecode.com/components/command-processor.js:11635:11)
	at &lt;anonymous class&gt;.fxdriver.Timer.prototype.setTimeout/&lt;.notify(file:///C:/Users/User/AppData/Local/Temp/anonymous3848834370961755770webdriver-profile/extensions/fxdriver@googlecode.com/components/command-processor.js:548:5)
</error>
  </testcase>
  <system-out><![CDATA[Page title: Osprey Vision | Dashboard |
]]></system-out>
  <system-err><![CDATA[]]></system-err>
</testsuite>
